Using pre-set license
Built from '2020.3/release' branch; Version is '2020.3.31f1 (6b54b7616050) revision 7034039'; Using compiler version '192528614'; Build Type 'Release'
OS: 'Windows 11  (10.0.22000) 64bit Core' Language: 'en' Physical Memory: 8013 MB
BatchMode: 1, IsHumanControllingUs: 0, StartBugReporterOnCrash: 0, Is64bit: 1, IsPro: 0

COMMAND LINE ARGUMENTS:
C:\Program Files\Unity\Hub\Editor\2020.3.31f1\Editor\Unity.exe
-adb2
-batchMode
-noUpm
-name
AssetImportWorker0
-projectPath
C:/Users/Lawrence/Unity Projects/TaskApp/TaskAppProject
-logFile
Logs/AssetImportWorker0.log
-srvPort
58776
Successfully changed project path to: C:/Users/Lawrence/Unity Projects/TaskApp/TaskAppProject
C:/Users/Lawrence/Unity Projects/TaskApp/TaskAppProject
Using Asset Import Pipeline V2.
Refreshing native plugins compatible for Editor in 62.19 ms, found 3 plugins.
Preloading 0 native plugins for Editor in 0.00 ms.
Initialize engine version: 2020.3.31f1 (6b54b7616050)
[Subsystems] Discovering subsystems at path C:/Program Files/Unity/Hub/Editor/2020.3.31f1/Editor/Data/Resources/UnitySubsystems
[Subsystems] Discovering subsystems at path C:/Users/Lawrence/Unity Projects/TaskApp/TaskAppProject/Assets
GfxDevice: creating device client; threaded=0
Direct3D:
    Version:  Direct3D 11.0 [level 11.1]
    Renderer: NVIDIA GeForce GTX 1650 with Max-Q Design (ID=0x1f9d)
    Vendor:   
    VRAM:     3962 MB
    Driver:   30.0.14.9649
Initialize mono
Mono path[0] = 'C:/Program Files/Unity/Hub/Editor/2020.3.31f1/Editor/Data/Managed'
Mono path[1] = 'C:/Program Files/Unity/Hub/Editor/2020.3.31f1/Editor/Data/MonoBleedingEdge/lib/mono/unityjit'
Mono config path = 'C:/Program Files/Unity/Hub/Editor/2020.3.31f1/Editor/Data/MonoBleedingEdge/etc'
Using monoOptions --debugger-agent=transport=dt_socket,embedding=1,server=y,suspend=n,address=127.0.0.1:56660
Begin MonoManager ReloadAssembly
Registering precompiled unity dll's ...
Register platform support module: C:/Program Files/Unity/Hub/Editor/2020.3.31f1/Editor/Data/PlaybackEngines/WebGLSupport/UnityEditor.WebGL.Extensions.dll
Register platform support module: C:/Program Files/Unity/Hub/Editor/2020.3.31f1/Editor/Data/PlaybackEngines/WindowsStandaloneSupport/UnityEditor.WindowsStandalone.Extensions.dll
Registered in 0.004226 seconds.
Native extension for WindowsStandalone target not found
Native extension for WebGL target not found
Refreshing native plugins compatible for Editor in 40.76 ms, found 3 plugins.
Preloading 0 native plugins for Editor in 0.00 ms.
Mono: successfully reloaded assembly
- Completed reload, in  0.579 seconds
Domain Reload Profiling:
	ReloadAssembly (579ms)
		BeginReloadAssembly (101ms)
			ExecutionOrderSort (0ms)
			DisableScriptedObjects (0ms)
			BackupInstance (0ms)
			ReleaseScriptingObjects (0ms)
			CreateAndSetChildDomain (1ms)
		EndReloadAssembly (415ms)
			LoadAssemblies (101ms)
			RebuildTransferFunctionScriptingTraits (0ms)
			SetupTypeCache (128ms)
			ReleaseScriptCaches (0ms)
			RebuildScriptCaches (32ms)
			SetupLoadedEditorAssemblies (165ms)
				LogAssemblyErrors (0ms)
				InitializePlatformSupportModulesInManaged (5ms)
				SetLoadedEditorAssemblies (0ms)
				RefreshPlugins (41ms)
				BeforeProcessingInitializeOnLoad (11ms)
				ProcessInitializeOnLoadAttributes (82ms)
				ProcessInitializeOnLoadMethodAttributes (25ms)
				AfterProcessingInitializeOnLoad (0ms)
				EditorAssembliesLoaded (0ms)
			ExecutionOrderSort2 (0ms)
			AwakeInstancesAfterBackupRestoration (0ms)
Platform modules already initialized, skipping
Registering precompiled user dll's ...
Registered in 0.006111 seconds.
Begin MonoManager ReloadAssembly
Error: Could not load signature of iOSNotificationPostProcessor:ShouldAddSettingToPlist due to: Could not load file or assembly 'UnityEditor.iOS.Extensions.Xcode, Version=1.0.0.0, Culture=neutral, PublicKeyToken=null' or one of its dependencies. assembly:UnityEditor.iOS.Extensions.Xcode, Version=1.0.0.0, Culture=neutral, PublicKeyToken=null type:<unknown type> member:(null) signature:<none>
0x00007ff64c34e54c (Unity) StackWalker::GetCurrentCallstack
0x00007ff64c355b49 (Unity) StackWalker::ShowCallstack
0x00007ff64d0e629c (Unity) GetStacktrace
0x00007ff64db431d7 (Unity) DebugStringToFile
0x00007ff64c23f5ab (Unity) ScanForAttributesAndInterfaceImplementations
0x00007ff64c2665b3 (Unity) MonoManager::SetupTypeCache
0x00007ff64c25cae3 (Unity) MonoManager::EndReloadAssembly
0x00007ff64c263fd7 (Unity) MonoManager::ReloadAssembly
0x00007ff64cf8f7b1 (Unity) LoadDomainAndUserAssemblies
0x00007ff64cf8fe19 (Unity) LoadUserAssemblies
0x00007ff64cc71534 (Unity) Application::InitializeProject
0x00007ff64d0f0622 (Unity) WinMain
0x00007ff64e78df4e (Unity) __scrt_common_main_seh
0x00007ffb930254e0 (KERNEL32) BaseThreadInitThunk
0x00007ffb941a485b (ntdll) RtlUserThreadStart

Unloading broken assembly Library/ScriptAssemblies/Unity.Notifications.dll, this assembly can cause crashes in the runtime
0x00007ff64c34e54c (Unity) StackWalker::GetCurrentCallstack
0x00007ff64c355b49 (Unity) StackWalker::ShowCallstack
0x00007ff64d0e629c (Unity) GetStacktrace
0x00007ff64db431d7 (Unity) DebugStringToFile
0x00007ff64c265d45 (Unity) MonoManager::SetupLoadedEditorAssemblies
0x00007ff64c25ce71 (Unity) MonoManager::EndReloadAssembly
0x00007ff64c263fd7 (Unity) MonoManager::ReloadAssembly
0x00007ff64cf8f7b1 (Unity) LoadDomainAndUserAssemblies
0x00007ff64cf8fe19 (Unity) LoadUserAssemblies
0x00007ff64cc71534 (Unity) Application::InitializeProject
0x00007ff64d0f0622 (Unity) WinMain
0x00007ff64e78df4e (Unity) __scrt_common_main_seh
0x00007ffb930254e0 (KERNEL32) BaseThreadInitThunk
0x00007ffb941a485b (ntdll) RtlUserThreadStart

Native extension for WindowsStandalone target not found
Native extension for WebGL target not found
Refreshing native plugins compatible for Editor in 40.11 ms, found 3 plugins.
Preloading 0 native plugins for Editor in 0.00 ms.
Mono: successfully reloaded assembly
- Completed reload, in  3.715 seconds
Domain Reload Profiling:
	ReloadAssembly (3715ms)
		BeginReloadAssembly (125ms)
			ExecutionOrderSort (0ms)
			DisableScriptedObjects (4ms)
			BackupInstance (0ms)
			ReleaseScriptingObjects (0ms)
			CreateAndSetChildDomain (16ms)
		EndReloadAssembly (3536ms)
			LoadAssemblies (2244ms)
			RebuildTransferFunctionScriptingTraits (0ms)
			SetupTypeCache (818ms)
			ReleaseScriptCaches (1ms)
			RebuildScriptCaches (49ms)
			SetupLoadedEditorAssemblies (322ms)
				LogAssemblyErrors (2ms)
				InitializePlatformSupportModulesInManaged (4ms)
				SetLoadedEditorAssemblies (0ms)
				RefreshPlugins (40ms)
				BeforeProcessingInitializeOnLoad (74ms)
				ProcessInitializeOnLoadAttributes (181ms)
				ProcessInitializeOnLoadMethodAttributes (18ms)
				AfterProcessingInitializeOnLoad (4ms)
				EditorAssembliesLoaded (0ms)
			ExecutionOrderSort2 (0ms)
			AwakeInstancesAfterBackupRestoration (6ms)
Platform modules already initialized, skipping
========================================================================
Worker process is ready to serve import requests
Launched and connected shader compiler UnityShaderCompiler.exe after 0.09 seconds
Refreshing native plugins compatible for Editor in 0.80 ms, found 3 plugins.
Preloading 0 native plugins for Editor in 0.00 ms.
Unloading 2308 Unused Serialized files (Serialized files now loaded: 0)
System memory in use before: 100.2 MB.
System memory in use after: 100.4 MB.

Unloading 38 unused Assets to reduce memory usage. Loaded Objects now: 2731.
Total: 2.877000 ms (FindLiveObjects: 0.201000 ms CreateObjectMapping: 0.115800 ms MarkObjects: 2.487200 ms  DeleteObjects: 0.072200 ms)

AssetImportParameters requested are different than current active one (requested -> active):
  custom:framework-win-MediaFoundation: 216162199b28c13a410421893ffa2e32 -> 
  custom:video-decoder-ogg-theora: a1e56fd34408186e4bbccfd4996cb3dc -> 
  custom:container-muxer-webm: aa71ff27fc2769a1b78a27578f13a17b -> 
  custom:container-demuxer-webm: 4f35f7cbe854078d1ac9338744f61a02 -> 
  custom:container-demuxer-ogg: 62fdf1f143b41e24485cea50d1cbac27 -> 
  custom:video-encoder-webm-vp8: eb34c28f22e8b96e1ab97ce403110664 -> 
  custom:video-decoder-webm-vp8: 9c59270c3fd7afecdb556c50c9e8de78 -> 
  custom:audio-decoder-ogg-vorbis: bf7c407c2cedff20999df2af8eb42d56 -> 
  custom:audio-encoder-webm-vorbis: bf7c407c2cedff20999df2af8eb42d56 -> 
========================================================================
Received Import Request.
  path: Assets/Scenes
  artifactKey: Guid(bbbc74fad6ed1d243aee6102298f428b) Importer(815301076,1909f56bfc062723c751e8b465ee728b)
Start importing Assets/Scenes using Guid(bbbc74fad6ed1d243aee6102298f428b) Importer(815301076,1909f56bfc062723c751e8b465ee728b)  -> (artifact id: 'e2f5d9c482259fc97b3f344a61ab00ed') in 0.011441 seconds 
========================================================================
Received Import Request.
  Time since last request: 20.609057 seconds.
  path: Assets/Scenes/SampleScene.unity
  artifactKey: Guid(2cda990e2423bbf4892e6590ba056729) Importer(815301076,1909f56bfc062723c751e8b465ee728b)
Start importing Assets/Scenes/SampleScene.unity using Guid(2cda990e2423bbf4892e6590ba056729) Importer(815301076,1909f56bfc062723c751e8b465ee728b)  -> (artifact id: '249c2c8f9a338d5f27176d7fc79770a2') in 0.007966 seconds 
========================================================================
Received Import Request.
  Time since last request: 6.961886 seconds.
  path: Assets/Scenes/SplashScene.unity
  artifactKey: Guid(2cda990e2423bbf4892e6590ba056729) Importer(815301076,1909f56bfc062723c751e8b465ee728b)
Start importing Assets/Scenes/SplashScene.unity using Guid(2cda990e2423bbf4892e6590ba056729) Importer(815301076,1909f56bfc062723c751e8b465ee728b)  -> (artifact id: 'c7ff7dca2ab38f5221e13fc957f533b0') in 0.006210 seconds 
========================================================================
Received Import Request.
  Time since last request: 1.696171 seconds.
  path: Assets/Scenes/MainScene.unity
  artifactKey: Guid(9615ff6fc20bb114e9f8e369c9bff94c) Importer(815301076,1909f56bfc062723c751e8b465ee728b)
Start importing Assets/Scenes/MainScene.unity using Guid(9615ff6fc20bb114e9f8e369c9bff94c) Importer(815301076,1909f56bfc062723c751e8b465ee728b)  -> (artifact id: 'e101b2c86b327288f60fd7f11fdc9d4f') in 0.007575 seconds 
========================================================================
Received Prepare
Registering precompiled user dll's ...
Registered in 0.002060 seconds.
Begin MonoManager ReloadAssembly
Error: Could not load signature of iOSNotificationPostProcessor:ShouldAddSettingToPlist due to: Could not load file or assembly 'UnityEditor.iOS.Extensions.Xcode, Version=1.0.0.0, Culture=neutral, PublicKeyToken=null' or one of its dependencies. assembly:UnityEditor.iOS.Extensions.Xcode, Version=1.0.0.0, Culture=neutral, PublicKeyToken=null type:<unknown type> member:(null) signature:<none>
0x00007ff64c34e54c (Unity) StackWalker::GetCurrentCallstack
0x00007ff64c355b49 (Unity) StackWalker::ShowCallstack
0x00007ff64d0e629c (Unity) GetStacktrace
0x00007ff64db431d7 (Unity) DebugStringToFile
0x00007ff64c23f5ab (Unity) ScanForAttributesAndInterfaceImplementations
0x00007ff64c2665b3 (Unity) MonoManager::SetupTypeCache
0x00007ff64c25cae3 (Unity) MonoManager::EndReloadAssembly
0x00007ff64c263fd7 (Unity) MonoManager::ReloadAssembly
0x00007ff64cf8f7b1 (Unity) LoadDomainAndUserAssemblies
0x00007ff64cf8fe19 (Unity) LoadUserAssemblies
0x00007ff64d1ce6a8 (Unity) <lambda_42590b35a7504ca56990eaf6908bc2e2>::operator()
0x00007ff64d257732 (Unity) asio::detail::completion_handler<core::mutable_function<void __cdecl(void)> >::do_complete
0x00007ff64d259890 (Unity) asio::detail::win_iocp_io_service::do_one
0x00007ff64d25d00e (Unity) asio::io_service::run
0x00007ff64d1f836b (Unity) RunAssetImportWorkerClientV2
0x00007ff64d1f83c0 (Unity) RunAssetImporterV2
0x00007ff64cc71539 (Unity) Application::InitializeProject
0x00007ff64d0f0622 (Unity) WinMain
0x00007ff64e78df4e (Unity) __scrt_common_main_seh
0x00007ffb930254e0 (KERNEL32) BaseThreadInitThunk
0x00007ffb941a485b (ntdll) RtlUserThreadStart

Unloading broken assembly Library/ScriptAssemblies/Unity.Notifications.dll, this assembly can cause crashes in the runtime
0x00007ff64c34e54c (Unity) StackWalker::GetCurrentCallstack
0x00007ff64c355b49 (Unity) StackWalker::ShowCallstack
0x00007ff64d0e629c (Unity) GetStacktrace
0x00007ff64db431d7 (Unity) DebugStringToFile
0x00007ff64c265d45 (Unity) MonoManager::SetupLoadedEditorAssemblies
0x00007ff64c25ce71 (Unity) MonoManager::EndReloadAssembly
0x00007ff64c263fd7 (Unity) MonoManager::ReloadAssembly
0x00007ff64cf8f7b1 (Unity) LoadDomainAndUserAssemblies
0x00007ff64cf8fe19 (Unity) LoadUserAssemblies
0x00007ff64d1ce6a8 (Unity) <lambda_42590b35a7504ca56990eaf6908bc2e2>::operator()
0x00007ff64d257732 (Unity) asio::detail::completion_handler<core::mutable_function<void __cdecl(void)> >::do_complete
0x00007ff64d259890 (Unity) asio::detail::win_iocp_io_service::do_one
0x00007ff64d25d00e (Unity) asio::io_service::run
0x00007ff64d1f836b (Unity) RunAssetImportWorkerClientV2
0x00007ff64d1f83c0 (Unity) RunAssetImporterV2
0x00007ff64cc71539 (Unity) Application::InitializeProject
0x00007ff64d0f0622 (Unity) WinMain
0x00007ff64e78df4e (Unity) __scrt_common_main_seh
0x00007ffb930254e0 (KERNEL32) BaseThreadInitThunk
0x00007ffb941a485b (ntdll) RtlUserThreadStart

Native extension for WindowsStandalone target not found
Native extension for WebGL target not found
Refreshing native plugins compatible for Editor in 0.52 ms, found 3 plugins.
Preloading 0 native plugins for Editor in 0.00 ms.
Mono: successfully reloaded assembly
- Completed reload, in  0.937 seconds
Domain Reload Profiling:
	ReloadAssembly (937ms)
		BeginReloadAssembly (107ms)
			ExecutionOrderSort (0ms)
			DisableScriptedObjects (6ms)
			BackupInstance (0ms)
			ReleaseScriptingObjects (0ms)
			CreateAndSetChildDomain (31ms)
		EndReloadAssembly (781ms)
			LoadAssemblies (83ms)
			RebuildTransferFunctionScriptingTraits (0ms)
			SetupTypeCache (262ms)
			ReleaseScriptCaches (1ms)
			RebuildScriptCaches (45ms)
			SetupLoadedEditorAssemblies (278ms)
				LogAssemblyErrors (1ms)
				InitializePlatformSupportModulesInManaged (5ms)
				SetLoadedEditorAssemblies (0ms)
				RefreshPlugins (1ms)
				BeforeProcessingInitializeOnLoad (89ms)
				ProcessInitializeOnLoadAttributes (169ms)
				ProcessInitializeOnLoadMethodAttributes (10ms)
				AfterProcessingInitializeOnLoad (4ms)
				EditorAssembliesLoaded (0ms)
			ExecutionOrderSort2 (0ms)
			AwakeInstancesAfterBackupRestoration (8ms)
Platform modules already initialized, skipping
Switching build target platform(19) subTarget(0) extendedPlatform(0) -> platform(9) subTarget(16777218) extendedPlatform(0)
Refreshing native plugins compatible for Editor in 0.54 ms, found 3 plugins.
Preloading 0 native plugins for Editor in 0.00 ms.
Unloading 2300 Unused Serialized files (Serialized files now loaded: 0)
System memory in use before: 99.7 MB.
System memory in use after: 99.9 MB.

Unloading 27 unused Assets to reduce memory usage. Loaded Objects now: 2734.
Total: 2.621000 ms (FindLiveObjects: 0.178200 ms CreateObjectMapping: 0.095400 ms MarkObjects: 2.328000 ms  DeleteObjects: 0.018900 ms)

AssetImportParameters requested are different than current active one (requested -> active):
  custom:framework-win-MediaFoundation: 216162199b28c13a410421893ffa2e32 -> 
  custom:video-decoder-ogg-theora: a1e56fd34408186e4bbccfd4996cb3dc -> 
  custom:container-muxer-webm: aa71ff27fc2769a1b78a27578f13a17b -> 
  custom:container-demuxer-webm: 4f35f7cbe854078d1ac9338744f61a02 -> 
  custom:container-demuxer-ogg: 62fdf1f143b41e24485cea50d1cbac27 -> 
  custom:video-encoder-webm-vp8: eb34c28f22e8b96e1ab97ce403110664 -> 
  custom:video-decoder-webm-vp8: 9c59270c3fd7afecdb556c50c9e8de78 -> 
  custom:graphics/normal-map-encoding: 01000000000000000000000000000000 -> 02000000000000000000000000000000
  custom:audio-decoder-ogg-vorbis: bf7c407c2cedff20999df2af8eb42d56 -> 
  custom:audio-encoder-webm-vorbis: bf7c407c2cedff20999df2af8eb42d56 -> 
